Relatorio de Erro Garagium Adm
---------------------------------------------------------
Data: 14/07/2018
Hora: 17:19
---------------------------------------------------------
Mensagem Personalizada: Erro Não tratado!;
---------------------
Mensagem Erro: Tipo de excepção 'System.Web.HttpUnhandledException' accionado.;
Causa do Erro: System.Web;
Metodo: Boolean HandleError(System.Exception);
Inner Exception: System.Exception: Erro de teste!
   em garagium_adm.login.Page_Load(Object sender, EventArgs e) em C:\Users\Ferreira\Desktop\mPlataforma\Garagium_ADM\GrgAdm.Web\login.aspx.cs:line 20
   em System.Web.Util.CalliEventHandlerDelegateProxy.Callback(Object sender, EventArgs e)
   em System.Web.UI.Control.OnLoad(EventArgs e)
   em System.Web.UI.Control.LoadRecursive()
   em System.Web.UI.Page.ProcessRequestMain(Boolean includeStagesBeforeAsyncPoint, Boolean includeStagesAfterAsyncPoint);
---------------------
StackTrace:
   em System.Web.UI.Page.HandleError(Exception e)
   em System.Web.UI.Page.ProcessRequestMain(Boolean includeStagesBeforeAsyncPoint, Boolean includeStagesAfterAsyncPoint)
   em System.Web.UI.Page.ProcessRequest(Boolean includeStagesBeforeAsyncPoint, Boolean includeStagesAfterAsyncPoint)
   em System.Web.UI.Page.ProcessRequest()
   em System.Web.UI.Page.ProcessRequestWithNoAssert(HttpContext context)
   em System.Web.UI.Page.ProcessRequest(HttpContext context)
   em ASP.login_aspx.ProcessRequest(HttpContext context) em c:\Users\Ferreira\AppData\Local\Temp\Temporary ASP.NET Files\vs\afa4ac8a\57d80b3a\App_Web_bdlj4yoy.0.cs:line 0
   em System.Web.HttpApplication.CallHandlerExecutionStep.System.Web.HttpApplication.IExecutionStep.Execute()
   em System.Web.HttpApplication.ExecuteStepImpl(IExecutionStep step)
   em System.Web.HttpApplication.ExecuteStep(IExecutionStep step, Boolean& completedSynchronously)
---------------------------------------------------------
